Added Component: Designator=R9(R 0603_L)
Add component. Clean all parameters for all variants
Add component (AddParameter): Name = "BOM名称"; Value = "贴片电阻"; VariantName = "[No Variations]"
Add component (AddParameter): Name = "封装库来自淘宝卖家ID：黄晶宝石"; Value = "其他店铺购入均为盗版假冒封装库"; VariantName = "[No Variations]"
Add component (AddParameter): Name = "联系卖家，免费查找封装"; Value = "唯一出售店铺网址https://shop463601444.taobao.com"; VariantName = "[No Variations]"
Added Pin To Net: NetName=+5 Pin=C25-2
Added Pin To Net: NetName=+5 Pin=C31-1
Added Pin To Net: NetName=+5 Pin=C32-1
Added Pin To Net: NetName=+5 Pin=CP1-7
Added Pin To Net: NetName=+5 Pin=CP1-8
Added Pin To Net: NetName=+5 Pin=D1-2
Added Pin To Net: NetName=+5 Pin=USBC3-A4
Added Pin To Net: NetName=+5 Pin=USBC3-A9
Added Pin To Net: NetName=+5 Pin=USBC3-B4
Added Pin To Net: NetName=+5 Pin=USBC3-B9
Added Pin To Net: NetName=+5 Pin=V1-3
Added Net: Name=+5
Added Pin To Net: NetName=3.3 Pin=C1-2
Added Pin To Net: NetName=3.3 Pin=C2-2
Added Pin To Net: NetName=3.3 Pin=C3-2
Added Pin To Net: NetName=3.3 Pin=C4-2
Added Pin To Net: NetName=3.3 Pin=C5-2
Added Pin To Net: NetName=3.3 Pin=JP1-4
Added Pin To Net: NetName=3.3 Pin=R3-2
Added Pin To Net: NetName=3.3 Pin=R9-1
Added Pin To Net: NetName=3.3 Pin=R14-2
Added Pin To Net: NetName=3.3 Pin=U1-1
Added Pin To Net: NetName=3.3 Pin=U1-9
Added Pin To Net: NetName=3.3 Pin=U1-24
Added Pin To Net: NetName=3.3 Pin=U1-36
Added Pin To Net: NetName=3.3 Pin=U1-48
Added Net: Name=3.3
Added Pin To Net: NetName=3.3V Pin=C26-2
Added Pin To Net: NetName=3.3V Pin=R26-1
Added Pin To Net: NetName=3.3V Pin=V1-2
Added Pin To Net: NetName=3.3V Pin=V1-2
Added Net: Name=3.3V
Added Pin To Net: NetName=BST Pin=C9-2
Added Pin To Net: NetName=BST Pin=U2-19
Added Net: Name=BST
Added Pin To Net: NetName=CC1 Pin=U2-2
Added Pin To Net: NetName=CC1 Pin=USBC2-A5
Added Net: Name=CC1
Added Pin To Net: NetName=CC2 Pin=U2-3
Added Pin To Net: NetName=CC2 Pin=USBC2-B5
Added Net: Name=CC2
Added Pin To Net: NetName=D+ Pin=CP1-4
Added Pin To Net: NetName=D+ Pin=USBC3-A6
Added Pin To Net: NetName=D+ Pin=USBC3-B6
Added Net: Name=D+
Added Pin To Net: NetName=D- Pin=CP1-5
Added Pin To Net: NetName=D- Pin=USBC3-A7
Added Pin To Net: NetName=D- Pin=USBC3-B7
Added Net: Name=D-
Added Pin To Net: NetName=DMC Pin=U2-4
Added Pin To Net: NetName=DMC Pin=USBC2-A7
Added Pin To Net: NetName=DMC Pin=USBC2-B7
Added Net: Name=DMC
Added Pin To Net: NetName=DM Pin=R16-2
Added Pin To Net: NetName=DM Pin=U1-32
Added Net: Name=DM
Added Pin To Net: NetName=DPC Pin=U2-5
Added Pin To Net: NetName=DPC Pin=USBC2-A6
Added Pin To Net: NetName=DPC Pin=USBC2-B6
Added Net: Name=DPC
Added Pin To Net: NetName=DP Pin=R15-2
Added Pin To Net: NetName=DP Pin=U1-33
Added Net: Name=DP
Added Pin To Net: NetName=GND Pin=C1-1
Added Pin To Net: NetName=GND Pin=C2-1
Added Pin To Net: NetName=GND Pin=C3-1
Added Pin To Net: NetName=GND Pin=C4-1
Added Pin To Net: NetName=GND Pin=C5-1
Added Pin To Net: NetName=GND Pin=C6-1
Added Pin To Net: NetName=GND Pin=C7-1
Added Pin To Net: NetName=GND Pin=C8-1
Added Pin To Net: NetName=GND Pin=C10-2
Added Pin To Net: NetName=GND Pin=C11-2
Added Pin To Net: NetName=GND Pin=C12-1
Added Pin To Net: NetName=GND Pin=C13-1
Added Pin To Net: NetName=GND Pin=C14-1
Added Pin To Net: NetName=GND Pin=C15-2
Added Pin To Net: NetName=GND Pin=C16-2
Added Pin To Net: NetName=GND Pin=C17-2
Added Pin To Net: NetName=GND Pin=C18-2
Added Pin To Net: NetName=GND Pin=C19-2
Added Pin To Net: NetName=GND Pin=C21-1
Added Pin To Net: NetName=GND Pin=C22-1
Added Pin To Net: NetName=GND Pin=C23-2
Added Pin To Net: NetName=GND Pin=C24-2
Added Pin To Net: NetName=GND Pin=C25-1
Added Pin To Net: NetName=GND Pin=C26-1
Added Pin To Net: NetName=GND Pin=C28-2
Added Pin To Net: NetName=GND Pin=C29-1
Added Pin To Net: NetName=GND Pin=C30-2
Added Pin To Net: NetName=GND Pin=C31-2
Added Pin To Net: NetName=GND Pin=C32-2
Added Pin To Net: NetName=GND Pin=CP1-3
Added Pin To Net: NetName=GND Pin=CP1-29
Added Pin To Net: NetName=GND Pin=HP1-1
Added Pin To Net: NetName=GND Pin=JP1-3
Added Pin To Net: NetName=GND Pin=JP2-1
Added Pin To Net: NetName=GND Pin=JP2-2
Added Pin To Net: NetName=GND Pin=JP4-1
Added Pin To Net: NetName=GND Pin=JP4-2
Added Pin To Net: NetName=GND Pin=JP4-3
Added Pin To Net: NetName=GND Pin=JP4-4
Added Pin To Net: NetName=GND Pin=JP6-1
Added Pin To Net: NetName=GND Pin=JP6-2
Added Pin To Net: NetName=GND Pin=JP6-3
Added Pin To Net: NetName=GND Pin=JP6-4
Added Pin To Net: NetName=GND Pin=LED1-2
Added Pin To Net: NetName=GND Pin=LED6-2
Added Pin To Net: NetName=GND Pin=LED7-2
Added Pin To Net: NetName=GND Pin=LED8-2
Added Pin To Net: NetName=GND Pin=LED9-2
Added Pin To Net: NetName=GND Pin=R1-2
Added Pin To Net: NetName=GND Pin=R2-2
Added Pin To Net: NetName=GND Pin=R12-2
Added Pin To Net: NetName=GND Pin=R13-1
Added Pin To Net: NetName=GND Pin=R17-2
Added Pin To Net: NetName=GND Pin=R23-1
Added Pin To Net: NetName=GND Pin=R24-2
Added Pin To Net: NetName=GND Pin=R25-2
Added Pin To Net: NetName=GND Pin=R30-2
Added Pin To Net: NetName=GND Pin=R31-1
Added Pin To Net: NetName=GND Pin=SW1-2
Added Pin To Net: NetName=GND Pin=U1-8
Added Pin To Net: NetName=GND Pin=U1-23
Added Pin To Net: NetName=GND Pin=U1-35
Added Pin To Net: NetName=GND Pin=U1-47
Added Pin To Net: NetName=GND Pin=U2-29
Added Pin To Net: NetName=GND Pin=U2-41
Added Pin To Net: NetName=GND Pin=USBC1-0
Added Pin To Net: NetName=GND Pin=USBC1-0
Added Pin To Net: NetName=GND Pin=USBC1-0
Added Pin To Net: NetName=GND Pin=USBC1-0
Added Pin To Net: NetName=GND Pin=USBC1-A1
Added Pin To Net: NetName=GND Pin=USBC1-A12
Added Pin To Net: NetName=GND Pin=USBC1-B1
Added Pin To Net: NetName=GND Pin=USBC1-B12
Added Pin To Net: NetName=GND Pin=USBC2-0
Added Pin To Net: NetName=GND Pin=USBC2-0
Added Pin To Net: NetName=GND Pin=USBC2-0
Added Pin To Net: NetName=GND Pin=USBC2-0
Added Pin To Net: NetName=GND Pin=USBC2-A1
Added Pin To Net: NetName=GND Pin=USBC2-A12
Added Pin To Net: NetName=GND Pin=USBC3-0
Added Pin To Net: NetName=GND Pin=USBC3-0
Added Pin To Net: NetName=GND Pin=USBC3-0
Added Pin To Net: NetName=GND Pin=USBC3-0
Added Pin To Net: NetName=GND Pin=USBC3-A1
Added Pin To Net: NetName=GND Pin=USBC3-A12
Added Pin To Net: NetName=GND Pin=USBC3-B1
Added Pin To Net: NetName=GND Pin=USBC3-B12
Added Pin To Net: NetName=GND Pin=V1-1
Added Net: Name=GND
Added Pin To Net: NetName=KEY Pin=LED8-1
Added Pin To Net: NetName=KEY Pin=R28-1
Added Pin To Net: NetName=KEY Pin=U2-26
Added Net: Name=KEY
Added Pin To Net: NetName=LIGHT Pin=R27-1
Added Pin To Net: NetName=LIGHT Pin=U2-20
Added Net: Name=LIGHT
Added Pin To Net: NetName=NetC7_2 Pin=C7-2
Added Pin To Net: NetName=NetC7_2 Pin=U1-5
Added Pin To Net: NetName=NetC7_2 Pin=X1-2
Added Net: Name=NetC7_2
Added Pin To Net: NetName=NetC8_2 Pin=C8-2
Added Pin To Net: NetName=NetC8_2 Pin=U1-6
Added Pin To Net: NetName=NetC8_2 Pin=X1-1
Added Net: Name=NetC8_2
Added Pin To Net: NetName=NetC9_1 Pin=C9-1
Added Pin To Net: NetName=NetC9_1 Pin=L1-1
Added Pin To Net: NetName=NetC9_1 Pin=U2-14
Added Pin To Net: NetName=NetC9_1 Pin=U2-15
Added Pin To Net: NetName=NetC9_1 Pin=U2-16
Added Pin To Net: NetName=NetC9_1 Pin=U2-17
Added Pin To Net: NetName=NetC9_1 Pin=U2-18
Added Net: Name=NetC9_1
Added Pin To Net: NetName=NetC27_1 Pin=C27-1
Added Pin To Net: NetName=NetC27_1 Pin=USBC2-0
Added Pin To Net: NetName=NetC27_1 Pin=USBC2-0
Added Pin To Net: NetName=NetC27_1 Pin=USBC2-0
Added Pin To Net: NetName=NetC27_1 Pin=USBC2-0
Added Pin To Net: NetName=NetC27_1 Pin=USBC2-B12
Added Net: Name=NetC27_1
Added Pin To Net: NetName=NetC30_1 Pin=C30-1
Added Pin To Net: NetName=NetC30_1 Pin=CP1-6
Added Net: Name=NetC30_1
Added Pin To Net: NetName=NetD1_1 Pin=D1-1
Added Pin To Net: NetName=NetD1_1 Pin=USBC1-A4
Added Pin To Net: NetName=NetD1_1 Pin=USBC1-A9
Added Pin To Net: NetName=NetD1_1 Pin=USBC1-B4
Added Pin To Net: NetName=NetD1_1 Pin=USBC1-B9
Added Net: Name=NetD1_1
Added Pin To Net: NetName=NetLED1_1 Pin=LED1-1
Added Pin To Net: NetName=NetLED1_1 Pin=R4-2
Added Net: Name=NetLED1_1
Added Pin To Net: NetName=NetLED2_1 Pin=LED2-1
Added Pin To Net: NetName=NetLED2_1 Pin=LED3-2
Added Pin To Net: NetName=NetLED2_1 Pin=R22-1
Added Net: Name=NetLED2_1
Added Pin To Net: NetName=NetLED2_2 Pin=LED2-2
Added Pin To Net: NetName=NetLED2_2 Pin=LED3-1
Added Pin To Net: NetName=NetLED2_2 Pin=LED4-2
Added Pin To Net: NetName=NetLED2_2 Pin=LED5-1
Added Pin To Net: NetName=NetLED2_2 Pin=R23-2
Added Pin To Net: NetName=NetLED2_2 Pin=U2-13
Added Net: Name=NetLED2_2
Added Pin To Net: NetName=NetLED4_1 Pin=LED4-1
Added Pin To Net: NetName=NetLED4_1 Pin=LED5-2
Added Pin To Net: NetName=NetLED4_1 Pin=R21-1
Added Net: Name=NetLED4_1
Added Pin To Net: NetName=NetLED6_1 Pin=LED6-1
Added Pin To Net: NetName=NetLED6_1 Pin=R26-2
Added Net: Name=NetLED6_1
Added Pin To Net: NetName=NetLED7_1 Pin=LED7-1
Added Pin To Net: NetName=NetLED7_1 Pin=R27-2
Added Net: Name=NetLED7_1
Added Pin To Net: NetName=NetLED9_1 Pin=LED9-1
Added Pin To Net: NetName=NetLED9_1 Pin=LED10-1
Added Pin To Net: NetName=NetLED9_1 Pin=LED11-1
Added Pin To Net: NetName=NetLED9_1 Pin=R9-2
Added Net: Name=NetLED9_1
Added Pin To Net: NetName=NetR1_1 Pin=R1-1
Added Pin To Net: NetName=NetR1_1 Pin=U1-20
Added Net: Name=NetR1_1
Added Pin To Net: NetName=NetR2_1 Pin=R2-1
Added Pin To Net: NetName=NetR2_1 Pin=U1-44
Added Net: Name=NetR2_1
Added Pin To Net: NetName=NetR12_1 Pin=R12-1
Added Pin To Net: NetName=NetR12_1 Pin=USBC1-B5
Added Net: Name=NetR12_1
Added Pin To Net: NetName=NetR13_2 Pin=R13-2
Added Pin To Net: NetName=NetR13_2 Pin=USBC1-A5
Added Net: Name=NetR13_2
Added Pin To Net: NetName=NetR21_2 Pin=R21-2
Added Pin To Net: NetName=NetR21_2 Pin=U2-11
Added Net: Name=NetR21_2
Added Pin To Net: NetName=NetR22_2 Pin=R22-2
Added Pin To Net: NetName=NetR22_2 Pin=U2-12
Added Net: Name=NetR22_2
Added Pin To Net: NetName=NetR24_1 Pin=R24-1
Added Pin To Net: NetName=NetR24_1 Pin=R25-1
Added Pin To Net: NetName=NetR24_1 Pin=U2-10
Added Net: Name=NetR24_1
Added Pin To Net: NetName=NetR28_2 Pin=R28-2
Added Pin To Net: NetName=NetR28_2 Pin=SW1-1
Added Net: Name=NetR28_2
Added Pin To Net: NetName=NetR30_1 Pin=R30-1
Added Pin To Net: NetName=NetR30_1 Pin=USBC3-B5
Added Net: Name=NetR30_1
Added Pin To Net: NetName=NetR31_2 Pin=R31-2
Added Pin To Net: NetName=NetR31_2 Pin=USBC3-A5
Added Net: Name=NetR31_2
Added Pin To Net: NetName=NetUSBC2_0 Pin=USBC2-0
Added Pin To Net: NetName=NetUSBC2_0 Pin=USBC2-0
Added Pin To Net: NetName=NetUSBC2_0 Pin=USBC2-0
Added Pin To Net: NetName=NetUSBC2_0 Pin=USBC2-0
Added Pin To Net: NetName=NetUSBC2_0 Pin=USBC2-B1
Added Net: Name=NetUSBC2_0
Added Pin To Net: NetName=NRST Pin=C6-2
Added Pin To Net: NetName=NRST Pin=R3-1
Added Pin To Net: NetName=NRST Pin=U1-7
Added Pin To Net: NetName=NRST Pin=U1-40
Added Net: Name=NRST
Added Pin To Net: NetName=PA2 Pin=R5-1
Added Pin To Net: NetName=PA2 Pin=U1-12
Added Net: Name=PA2
Added Pin To Net: NetName=PA3 Pin=R6-1
Added Pin To Net: NetName=PA3 Pin=U1-13
Added Net: Name=PA3
Added Pin To Net: NetName=PB13 Pin=R7-1
Added Pin To Net: NetName=PB13 Pin=U1-26
Added Net: Name=PB13
Added Pin To Net: NetName=PB14 Pin=R4-1
Added Pin To Net: NetName=PB14 Pin=R8-1
Added Pin To Net: NetName=PB14 Pin=U1-27
Added Net: Name=PB14
Added Pin To Net: NetName=RSET Pin=JP8-1
Added Pin To Net: NetName=RSET Pin=R17-1
Added Pin To Net: NetName=RSET Pin=U2-21
Added Net: Name=RSET
Added Pin To Net: NetName=RX Pin=CP1-25
Added Pin To Net: NetName=RX Pin=JP2-4
Added Pin To Net: NetName=RX Pin=LED11-2
Added Pin To Net: NetName=RX Pin=R6-2
Added Net: Name=RX
Added Pin To Net: NetName=SDA Pin=JP7-2
Added Pin To Net: NetName=SDA Pin=R20-2
Added Pin To Net: NetName=SDA Pin=U2-7
Added Net: Name=SDA
Added Pin To Net: NetName=SLK Pin=JP7-1
Added Pin To Net: NetName=SLK Pin=R19-1
Added Pin To Net: NetName=SLK Pin=U2-6
Added Net: Name=SLK
Added Pin To Net: NetName=SWCIN Pin=JP1-1
Added Pin To Net: NetName=SWCIN Pin=U1-37
Added Net: Name=SWCIN
Added Pin To Net: NetName=SWC Pin=JP2-3
Added Pin To Net: NetName=SWC Pin=R7-2
Added Net: Name=SWC
Added Pin To Net: NetName=SWDIN Pin=JP1-2
Added Pin To Net: NetName=SWDIN Pin=U1-34
Added Net: Name=SWDIN
Added Pin To Net: NetName=SWD Pin=JP2-5
Added Pin To Net: NetName=SWD Pin=R8-2
Added Net: Name=SWD
Added Pin To Net: NetName=TX Pin=CP1-26
Added Pin To Net: NetName=TX Pin=JP2-6
Added Pin To Net: NetName=TX Pin=LED10-2
Added Pin To Net: NetName=TX Pin=R5-2
Added Net: Name=TX
Added Pin To Net: NetName=USB_D+ Pin=R14-1
Added Pin To Net: NetName=USB_D+ Pin=R15-1
Added Pin To Net: NetName=USB_D+ Pin=USBC1-A6
Added Pin To Net: NetName=USB_D+ Pin=USBC1-B6
Added Net: Name=USB_D+
Added Pin To Net: NetName=USB_D- Pin=R16-1
Added Pin To Net: NetName=USB_D- Pin=USBC1-A7
Added Pin To Net: NetName=USB_D- Pin=USBC1-B7
Added Net: Name=USB_D-
Added Pin To Net: NetName=VBAT+ Pin=C10-1
Added Pin To Net: NetName=VBAT+ Pin=C11-1
Added Pin To Net: NetName=VBAT+ Pin=C12-2
Added Pin To Net: NetName=VBAT+ Pin=C13-2
Added Pin To Net: NetName=VBAT+ Pin=C24-1
Added Pin To Net: NetName=VBAT+ Pin=HP2-1
Added Pin To Net: NetName=VBAT+ Pin=L1-2
Added Pin To Net: NetName=VBAT+ Pin=U2-28
Added Net: Name=VBAT+
Added Pin To Net: NetName=VBUSG Pin=Q1-1
Added Pin To Net: NetName=VBUSG Pin=R29-2
Added Pin To Net: NetName=VBUSG Pin=U2-33
Added Net: Name=VBUSG
Added Pin To Net: NetName=VBUS Pin=C27-2
Added Pin To Net: NetName=VBUS Pin=Q1-3
Added Pin To Net: NetName=VBUS Pin=U2-32
Added Pin To Net: NetName=VBUS Pin=USBC2-A4
Added Pin To Net: NetName=VBUS Pin=USBC2-A9
Added Pin To Net: NetName=VBUS Pin=USBC2-B4
Added Pin To Net: NetName=VBUS Pin=USBC2-B9
Added Net: Name=VBUS
Added Pin To Net: NetName=VMID Pin=C21-2
Added Pin To Net: NetName=VMID Pin=C22-2
Added Pin To Net: NetName=VMID Pin=Q1-2
Added Pin To Net: NetName=VMID Pin=Q2-1
Added Pin To Net: NetName=VMID Pin=Q3-1
Added Pin To Net: NetName=VMID Pin=R18-1
Added Pin To Net: NetName=VMID Pin=R29-1
Added Pin To Net: NetName=VMID Pin=U2-25
Added Net: Name=VMID
Added Pin To Net: NetName=VOUT1G Pin=Q2-3
Added Pin To Net: NetName=VOUT1G Pin=U2-36
Added Net: Name=VOUT1G
Added Pin To Net: NetName=VOUT1 Pin=C28-1
Added Pin To Net: NetName=VOUT1 Pin=JP3-1
Added Pin To Net: NetName=VOUT1 Pin=JP3-2
Added Pin To Net: NetName=VOUT1 Pin=JP3-3
Added Pin To Net: NetName=VOUT1 Pin=JP3-4
Added Pin To Net: NetName=VOUT1 Pin=Q2-2
Added Pin To Net: NetName=VOUT1 Pin=U2-37
Added Net: Name=VOUT1
Added Pin To Net: NetName=VOUT2G Pin=Q3-3
Added Pin To Net: NetName=VOUT2G Pin=U2-35
Added Net: Name=VOUT2G
Added Pin To Net: NetName=VOUT2 Pin=C29-2
Added Pin To Net: NetName=VOUT2 Pin=JP5-1
Added Pin To Net: NetName=VOUT2 Pin=JP5-2
Added Pin To Net: NetName=VOUT2 Pin=JP5-3
Added Pin To Net: NetName=VOUT2 Pin=JP5-4
Added Pin To Net: NetName=VOUT2 Pin=Q3-2
Added Pin To Net: NetName=VOUT2 Pin=U2-34
Added Net: Name=VOUT2
Added Pin To Net: NetName=VREG Pin=C23-1
Added Pin To Net: NetName=VREG Pin=R19-2
Added Pin To Net: NetName=VREG Pin=R20-1
Added Pin To Net: NetName=VREG Pin=U2-27
Added Net: Name=VREG
Added Pin To Net: NetName=VSYS Pin=C14-2
Added Pin To Net: NetName=VSYS Pin=C15-1
Added Pin To Net: NetName=VSYS Pin=C16-1
Added Pin To Net: NetName=VSYS Pin=C17-1
Added Pin To Net: NetName=VSYS Pin=C18-1
Added Pin To Net: NetName=VSYS Pin=C19-1
Added Pin To Net: NetName=VSYS Pin=R18-2
Added Pin To Net: NetName=VSYS Pin=U2-8
Added Pin To Net: NetName=VSYS Pin=U2-9
Added Pin To Net: NetName=VSYS Pin=U2-22
Added Pin To Net: NetName=VSYS Pin=U2-23
Added Pin To Net: NetName=VSYS Pin=U2-24
Added Net: Name=VSYS
Added Class: Name=Sheet1
