Added Component: Designator=JP7(HDR2.54-LI-2P)
Add component. Clean all parameters for all variants
Add component (AddParameter): Name = "BOM名称"; Value = "2P接插件"; VariantName = "[No Variations]"
Add component (AddParameter): Name = "封装库来自淘宝卖家 ID：黄晶宝石"; Value = "其他店铺购入均为盗版假冒封装库"; VariantName = "[No Variations]"
Add component (AddParameter): Name = "联系卖家，免费查找封装"; Value = "唯一出售店铺网址https://shop463601444.taobao.com"; VariantName = "[No Variations]"
Added Component: Designator=JP8(HDR2.54-LI-2P)
Add component. Clean all parameters for all variants
Add component (AddParameter): Name = "BOM名称"; Value = "2P接插件"; VariantName = "[No Variations]"
Add component (AddParameter): Name = "封装库来自淘宝卖家 ID：黄晶宝石"; Value = "其他店铺购入均为盗版假冒封装库"; VariantName = "[No Variations]"
Add component (AddParameter): Name = "联系卖家，免费查找封装"; Value = "唯一出售店铺网址https://shop463601444.taobao.com"; VariantName = "[No Variations]"
Added Pin To Net: NetName=SLK Pin=JP7-1
Added Pin To Net: NetName=SDA Pin=JP7-2
Added Pin To Net: NetName=RSET Pin=JP8-1
Added Pin To Net: NetName=GND Pin=USBC2-0
Added Pin To Net: NetName=GND Pin=USBC2-0
Added Pin To Net: NetName=GND Pin=USBC2-0
Added Pin To Net: NetName=GND Pin=USBC2-0
Added Pin To Net: NetName=NetUSBC2_0 Pin=USBC2-0
Added Pin To Net: NetName=NetUSBC2_0 Pin=USBC2-0
Added Pin To Net: NetName=NetUSBC2_0 Pin=USBC2-0
Added Pin To Net: NetName=NetUSBC2_0 Pin=USBC2-0
Added Member To Class: ClassName=Sheet1 Member=Component JP7 HDR-1X2
Added Member To Class: ClassName=Sheet1 Member=Component JP8 HDR-1X2
